<?xml version="1.0" encoding="UTF-8"?>
<TestRun id="0316eac7-4d1c-43fe-8453-b2a27598fe5a" name="Andi@ANDI-PC 2011-05-06 12:36:42" runUser="Andi-PC\Andi" xmlns="http://microsoft.com/schemas/VisualStudio/TeamTest/2010">
  <TestSettings name="Lokal" id="fd9e591c-9f7d-45aa-a6fd-fb980fe16c94">
    <Description>Dies sind die standardmäßigen Testeinstellungen für einen lokalen Testlauf.</Description>
    <Deployment enabled="false" runDeploymentRoot="Andi_ANDI-PC 2011-05-06 12_36_42">
      <DeploymentItem filename="C:\SoftwareEngineeringII\chatApp\ChatApp\bin\WebApplication1.dll" />
    </Deployment>
    <Execution>
      <TestTypeSpecific />
      <AgentRule name="Execution Agents">
      </AgentRule>
    </Execution>
  </TestSettings>
  <Times creation="2011-05-06T12:36:42.9890000+02:00" queuing="2011-05-06T12:36:43.0320000+02:00" start="2011-05-06T12:36:43.1270000+02:00" finish="2011-05-06T12:37:05.6800000+02:00" />
  <ResultSummary outcome="Failed">
    <Counters total="1" executed="1" error="0" failed="1" timeout="0" aborted="0" inconclusive="0" passedButRunAborted="0" notRunnable="0" notExecuted="0" disconnected="0" warning="0" passed="0" completed="0" inProgress="0" pending="0" />
  </ResultSummary>
  <TestDefinitions>
    <UnitTest name="ActiveChatsTest" storage="c:\softwareengineeringii\chatapp\chatapp\program.cs\bin\debug\program.cs.dll" id="71af45b5-4c33-8103-f9fd-81f874ce73de">
      <Execution id="a5db5a21-3a67-4b00-808c-e95c11c79bb2" />
      <TestMethod codeBase="C:/SoftwareEngineeringII/chatApp/ChatApp/Program.cs/bin/Debug/Program.cs.DLL" adapterTypeName="Microsoft.VisualStudio.TestTools.TestTypes.Unit.UnitTestAdapter, Microsoft.VisualStudio.QualityTools.Tips.UnitTest.Adapter, Version=10.0.0.0, Culture=neutral, PublicKeyToken=b03f5f7f11d50a3a" className="Program.cs.ChatTest, Program.cs, Version=1.0.0.0, Culture=neutral, PublicKeyToken=null" name="ActiveChatsTest" />
      <AspNet webSiteUrl="http://localhost:51655/">
        <Host pathToWebApp="C:\SoftwareEngineeringII\chatApp\ChatApp" webAppRoot="/" />
      </AspNet>
    </UnitTest>
  </TestDefinitions>
  <TestLists>
    <TestList name="Nicht in einer Liste enthaltene Ergebnisse" id="8c84fa94-04c1-424b-9868-57a2d4851a1d" />
    <TestList name="Alle geladenen Ergebnisse" id="19431567-8539-422a-85d7-44ee4e166bda" />
  </TestLists>
  <TestEntries>
    <TestEntry testId="71af45b5-4c33-8103-f9fd-81f874ce73de" executionId="a5db5a21-3a67-4b00-808c-e95c11c79bb2" testListId="8c84fa94-04c1-424b-9868-57a2d4851a1d" />
  </TestEntries>
  <Results>
    <UnitTestResult executionId="a5db5a21-3a67-4b00-808c-e95c11c79bb2" testId="71af45b5-4c33-8103-f9fd-81f874ce73de" testName="ActiveChatsTest" computerName="ANDI-PC" duration="00:00:00.0175598" startTime="2011-05-06T12:36:43.1390000+02:00" endTime="2011-05-06T12:37:05.4310000+02:00" testType="13cdc9d9-ddb5-4fa4-a97d-d965ccfc6d4b" outcome="Failed" testListId="8c84fa94-04c1-424b-9868-57a2d4851a1d" relativeResultsDirectory="a5db5a21-3a67-4b00-808c-e95c11c79bb2">
      <Output>
        <ErrorInfo>
          <Message>Fehler bei "Assert.IsTrue". </Message>
          <StackTrace>   bei Program.cs.ChatTest.ActiveChatsTest() in C:\SoftwareEngineeringII\chatApp\ChatApp\Program.cs\ChatTest.cs:Zeile 98.
</StackTrace>
        </ErrorInfo>
      </Output>
    </UnitTestResult>
  </Results>
</TestRun>